e:\моя учеба\6 семестр\цум\2лаба\лаба2\debug\source.obj
c:\program files\infowatch\devicemonitor\client\logs\print\printlogverbose_[link.exe__2276__2024.2.29_19.23.49].txt
c:\program files\infowatch\devicemonitor\client\logs\detours\hookapidetourslogverbose_[link.exe__2276__2024.2.29_19.23.49].txt
c:\program files\infowatch\devicemonitor\client\logs\clipboard\clipboardmonitorlogverbose_[link.exe__2276__2024.2.29_19.23.49].txt
c:\program files\infowatch\devicemonitor\client\logs\copymove\copymovelogverbose_[link.exe__2276__2024.2.29_19.23.49].txt
c:\program files\infowatch\devicemonitor\client\logs\mtp\mtplogverbose_[link.exe_2276__2024.2.29_19.23.49].txt
c:\program files\infowatch\devicemonitor\client\logs\soundcapture\soundcapturelogverbose_[link.exe__2276__2024.2.29_19.23.49].txt
e:\моя учеба\6 семестр\цум\2лаба\лаба2\debug\лаба2.exe
e:\моя учеба\6 семестр\цум\2лаба\лаба2\debug\лаба2.ilk
c:\program files\infowatch\devicemonitor\client\logs\print\printlogverbose_[rc.exe__9968__2024.2.29_19.23.50].txt
c:\program files\infowatch\devicemonitor\client\logs\detours\hookapidetourslogverbose_[rc.exe__9968__2024.2.29_19.23.50].txt
c:\program files\infowatch\devicemonitor\client\logs\clipboard\clipboardmonitorlogverbose_[rc.exe__9968__2024.2.29_19.23.50].txt
c:\program files\infowatch\devicemonitor\client\logs\copymove\copymovelogverbose_[rc.exe__9968__2024.2.29_19.23.50].txt
c:\program files\infowatch\devicemonitor\client\logs\mtp\mtplogverbose_[rc.exe_9968__2024.2.29_19.23.50].txt
c:\program files\infowatch\devicemonitor\client\logs\soundcapture\soundcapturelogverbose_[rc.exe__9968__2024.2.29_19.23.50].txt
c:\program files\infowatch\devicemonitor\client\logs\print\printlogverbose_[cvtres.exe__8200__2024.2.29_19.23.50].txt
c:\program files\infowatch\devicemonitor\client\logs\detours\hookapidetourslogverbose_[cvtres.exe__8200__2024.2.29_19.23.50].txt
c:\program files\infowatch\devicemonitor\client\logs\clipboard\clipboardmonitorlogverbose_[cvtres.exe__8200__2024.2.29_19.23.50].txt
c:\program files\infowatch\devicemonitor\client\logs\copymove\copymovelogverbose_[cvtres.exe__8200__2024.2.29_19.23.50].txt
c:\program files\infowatch\devicemonitor\client\logs\mtp\mtplogverbose_[cvtres.exe_8200__2024.2.29_19.23.50].txt
c:\program files\infowatch\devicemonitor\client\logs\soundcapture\soundcapturelogverbose_[cvtres.exe__8200__2024.2.29_19.23.50].txt
c:\program files\infowatch\devicemonitor\client\logs\print\printlogverbose_[link.exe__2112__2024.2.29_19.23.49].txt
c:\program files\infowatch\devicemonitor\client\logs\detours\hookapidetourslogverbose_[link.exe__2112__2024.2.29_19.23.49].txt
c:\program files\infowatch\devicemonitor\client\logs\clipboard\clipboardmonitorlogverbose_[link.exe__2112__2024.2.29_19.23.49].txt
c:\program files\infowatch\devicemonitor\client\logs\copymove\copymovelogverbose_[link.exe__2112__2024.2.29_19.23.49].txt
c:\program files\infowatch\devicemonitor\client\logs\mtp\mtplogverbose_[link.exe_2112__2024.2.29_19.23.49].txt
c:\program files\infowatch\devicemonitor\client\logs\soundcapture\soundcapturelogverbose_[link.exe__2112__2024.2.29_19.23.49].txt
e:\моя учеба\6 семестр\цум\2лаба\лаба2\debug\лаба2.pdb
e:\моя учеба\6 семестр\цум\2лаба\лаба2\debug\лаба2.tlog\masm.read.1u.tlog
e:\моя учеба\6 семестр\цум\2лаба\лаба2\debug\лаба2.tlog\masm.write.1u.tlog
e:\моя учеба\6 семестр\цум\2лаба\лаба2\debug\лаба2.tlog\link.read.1.tlog
e:\моя учеба\6 семестр\цум\2лаба\лаба2\debug\лаба2.tlog\link.write.1.tlog
e:\моя учеба\6 семестр\цум\2лаба\лаба2\debug\лаба2.tlog\link.command.1.tlog
